JUnit version 4.13.2
.E.E
Time: 0.004
There were 2 failures:
1) testMergeRightEnd(TestListExamples)
java.lang.AssertionError: expected:<[a, a, b, c, d]> but was:<[a, b, c, d]>
	at org.junit.Assert.fail(Assert.java:89)
	at org.junit.Assert.failNotEquals(Assert.java:835)
	at org.junit.Assert.assertEquals(Assert.java:120)
	at org.junit.Assert.assertEquals(Assert.java:146)
	at TestListExamples.testMergeRightEnd(TestListExamples.java:19)
2) testFilter(TestListExamples)
java.lang.AssertionError: expected:<[moon, MOON]> but was:<[moon]>
	at org.junit.Assert.fail(Assert.java:89)
	at org.junit.Assert.failNotEquals(Assert.java:835)
	at org.junit.Assert.assertEquals(Assert.java:120)
	at org.junit.Assert.assertEquals(Assert.java:146)
	at TestListExamples.testFilter(TestListExamples.java:31)

FAILURES!!!
Tests run: 2,  Failures: 2

